Nowtime is 1733324718.
Use gist_1M, neighborsize = 16 , ef_construction = 200.
testnum = 10, K =10.

Recall@K = 0.41. Time: 16342. Time per test is 165.2.
Nowtime is 1733347522.
Use gist_1M, neighborsize = 32 , ef_construction = 200.
testnum = 10, K =10.

Recall@K = 0.69. Time: 38168. Time per test is 393.5.
Nowtime is 1733369549.
Use sift_10000, neighborsize = 16 , ef_construction = 200.
testnum = 10, K =10.

Recall@K = 0.97. Time: 3. Time per test is 0.
Nowtime is 1733370095.
Use sift_10000, neighborsize = 16 , ef_construction = 200.
testnum = 10, K =10.

Recall@K = 0.97. Time: 2. Time per test is 0.
Nowtime is 1733370204.
Use sift_10000, neighborsize = 64 , ef_construction = 200.
testnum = 10, K =10.

Recall@K = 1. Time: 3. Time per test is 0.
Nowtime is 1733380056.
Use sift_10000, neighborsize = 16 , ef_construction = 200.
testnum = 10, K =10.

Recall@K = 0.97. Time: 2. Time per test is 0.1.
Nowtime is 1733381177.
Use sift_10000, neighborsize = 16 , ef_construction = 200.
testnum = 100, K =10.

Recall@K = 0.953. Time: 24. Time per test is 0.01.

Nowtime is 1733382121.
Use sift_10000, neighborsize = 16 , ef_construction = 200.
testnum = 100, K =10.
Recall@K = 0.953. Time: 24s. Time per test is 0s.

gist_16
Precalculated over
*0
testresult:
0 dis:0 856580 dis:0.352968 870365 dis:1.49073 738650 dis:1.51817 477826 dis:1.52793 454 dis:1.60512 584107 dis:1.62499 859557 dis:1.63708 538389 dis:1.6374 142314 dis:1.64078
Ansresult:
533452 dis:1.69806 802955 dis:1.67368 883811 dis:1.64646 538389 dis:1.6374 454 dis:1.60512 477826 dis:1.52793 738650 dis:1.51817 870365 dis:1.49073 856580 dis:0.352968 0 dis:0